{"/Users/learnacademy/Desktop/reunion-app/app/javascript/components/App.js": {"path":"/Users/learnacademy/Desktop/reunion-app/app/javascript/components/App.js","statementMap":{"0":{"start":{"line":21,"column":4},"end":{"line":21,"column":17}},"1":{"start":{"line":22,"column":4},"end":{"line":26,"column":6}},"2":{"start":{"line":30,"column":4},"end":{"line":30,"column":23}},"3":{"start":{"line":31,"column":4},"end":{"line":31,"column":22}},"4":{"start":{"line":34,"column":16},"end":{"line":45,"column":3}},"5":{"start":{"line":35,"column":4},"end":{"line":44,"column":9}},"6":{"start":{"line":37,"column":8},"end":{"line":37,"column":31}},"7":{"start":{"line":40,"column":8},"end":{"line":40,"column":49}},"8":{"start":{"line":43,"column":8},"end":{"line":43,"column":47}},"9":{"start":{"line":47,"column":15},"end":{"line":58,"column":3}},"10":{"start":{"line":48,"column":4},"end":{"line":57,"column":9}},"11":{"start":{"line":50,"column":8},"end":{"line":50,"column":31}},"12":{"start":{"line":53,"column":8},"end":{"line":53,"column":45}},"13":{"start":{"line":56,"column":8},"end":{"line":56,"column":45}},"14":{"start":{"line":60,"column":19},"end":{"line":80,"column":3}},"15":{"start":{"line":61,"column":4},"end":{"line":79,"column":9}},"16":{"start":{"line":69,"column":8},"end":{"line":69,"column":31}},"17":{"start":{"line":72,"column":8},"end":{"line":72,"column":46}},"18":{"start":{"line":75,"column":8},"end":{"line":75,"column":27}},"19":{"start":{"line":78,"column":8},"end":{"line":78,"column":46}},"20":{"start":{"line":82,"column":14},"end":{"line":98,"column":3}},"21":{"start":{"line":83,"column":4},"end":{"line":97,"column":9}},"22":{"start":{"line":90,"column":8},"end":{"line":90,"column":31}},"23":{"start":{"line":93,"column":8},"end":{"line":93,"column":27}},"24":{"start":{"line":96,"column":8},"end":{"line":96,"column":44}},"25":{"start":{"line":100,"column":18},"end":{"line":120,"column":3}},"26":{"start":{"line":101,"column":4},"end":{"line":119,"column":9}},"27":{"start":{"line":109,"column":8},"end":{"line":109,"column":31}},"28":{"start":{"line":112,"column":8},"end":{"line":112,"column":30}},"29":{"start":{"line":115,"column":8},"end":{"line":115,"column":26}},"30":{"start":{"line":118,"column":8},"end":{"line":118,"column":46}},"31":{"start":{"line":129,"column":8},"end":{"line":129,"column":18}},"32":{"start":{"line":134,"column":4},"end":{"line":198,"column":6}},"33":{"start":{"line":151,"column":30},"end":{"line":151,"column":73}},"34":{"start":{"line":156,"column":18},"end":{"line":159,"column":20}},"35":{"start":{"line":165,"column":18},"end":{"line":169,"column":20}},"36":{"start":{"line":175,"column":29},"end":{"line":175,"column":51}},"37":{"start":{"line":176,"column":38},"end":{"line":178,"column":19}},"38":{"start":{"line":177,"column":31},"end":{"line":177,"column":46}},"39":{"start":{"line":180,"column":18},"end":{"line":186,"column":20}},"40":{"start":{"line":191,"column":37},"end":{"line":191,"column":56}}},"fnMap":{"0":{"name":"(anonymous_0)","decl":{"start":{"line":20,"column":2},"end":{"line":20,"column":3}},"loc":{"start":{"line":20,"column":21},"end":{"line":27,"column":3}},"line":20},"1":{"name":"(anonymous_1)","decl":{"start":{"line":29,"column":2},"end":{"line":29,"column":3}},"loc":{"start":{"line":29,"column":22},"end":{"line":32,"column":3}},"line":29},"2":{"name":"(anonymous_2)","decl":{"start":{"line":34,"column":16},"end":{"line":34,"column":17}},"loc":{"start":{"line":34,"column":22},"end":{"line":45,"column":3}},"line":34},"3":{"name":"(anonymous_3)","decl":{"start":{"line":36,"column":12},"end":{"line":36,"column":13}},"loc":{"start":{"line":36,"column":26},"end":{"line":38,"column":7}},"line":36},"4":{"name":"(anonymous_4)","decl":{"start":{"line":39,"column":12},"end":{"line":39,"column":13}},"loc":{"start":{"line":39,"column":30},"end":{"line":41,"column":7}},"line":39},"5":{"name":"(anonymous_5)","decl":{"start":{"line":42,"column":13},"end":{"line":42,"column":14}},"loc":{"start":{"line":42,"column":25},"end":{"line":44,"column":7}},"line":42},"6":{"name":"(anonymous_6)","decl":{"start":{"line":47,"column":15},"end":{"line":47,"column":16}},"loc":{"start":{"line":47,"column":21},"end":{"line":58,"column":3}},"line":47},"7":{"name":"(anonymous_7)","decl":{"start":{"line":49,"column":12},"end":{"line":49,"column":13}},"loc":{"start":{"line":49,"column":26},"end":{"line":51,"column":7}},"line":49},"8":{"name":"(anonymous_8)","decl":{"start":{"line":52,"column":12},"end":{"line":52,"column":13}},"loc":{"start":{"line":52,"column":28},"end":{"line":54,"column":7}},"line":52},"9":{"name":"(anonymous_9)","decl":{"start":{"line":55,"column":13},"end":{"line":55,"column":14}},"loc":{"start":{"line":55,"column":25},"end":{"line":57,"column":7}},"line":55},"10":{"name":"(anonymous_10)","decl":{"start":{"line":60,"column":19},"end":{"line":60,"column":20}},"loc":{"start":{"line":60,"column":33},"end":{"line":80,"column":3}},"line":60},"11":{"name":"(anonymous_11)","decl":{"start":{"line":68,"column":12},"end":{"line":68,"column":13}},"loc":{"start":{"line":68,"column":26},"end":{"line":70,"column":7}},"line":68},"12":{"name":"(anonymous_12)","decl":{"start":{"line":71,"column":12},"end":{"line":71,"column":13}},"loc":{"start":{"line":71,"column":26},"end":{"line":73,"column":7}},"line":71},"13":{"name":"(anonymous_13)","decl":{"start":{"line":74,"column":12},"end":{"line":74,"column":13}},"loc":{"start":{"line":74,"column":25},"end":{"line":76,"column":7}},"line":74},"14":{"name":"(anonymous_14)","decl":{"start":{"line":77,"column":13},"end":{"line":77,"column":14}},"loc":{"start":{"line":77,"column":25},"end":{"line":79,"column":7}},"line":77},"15":{"name":"(anonymous_15)","decl":{"start":{"line":82,"column":14},"end":{"line":82,"column":15}},"loc":{"start":{"line":82,"column":33},"end":{"line":98,"column":3}},"line":82},"16":{"name":"(anonymous_16)","decl":{"start":{"line":89,"column":12},"end":{"line":89,"column":13}},"loc":{"start":{"line":89,"column":26},"end":{"line":91,"column":7}},"line":89},"17":{"name":"(anonymous_17)","decl":{"start":{"line":92,"column":12},"end":{"line":92,"column":13}},"loc":{"start":{"line":92,"column":25},"end":{"line":94,"column":7}},"line":92},"18":{"name":"(anonymous_18)","decl":{"start":{"line":95,"column":13},"end":{"line":95,"column":14}},"loc":{"start":{"line":95,"column":25},"end":{"line":97,"column":7}},"line":95},"19":{"name":"(anonymous_19)","decl":{"start":{"line":100,"column":18},"end":{"line":100,"column":19}},"loc":{"start":{"line":100,"column":31},"end":{"line":120,"column":3}},"line":100},"20":{"name":"(anonymous_20)","decl":{"start":{"line":108,"column":12},"end":{"line":108,"column":13}},"loc":{"start":{"line":108,"column":26},"end":{"line":110,"column":7}},"line":108},"21":{"name":"(anonymous_21)","decl":{"start":{"line":111,"column":12},"end":{"line":111,"column":13}},"loc":{"start":{"line":111,"column":26},"end":{"line":113,"column":7}},"line":111},"22":{"name":"(anonymous_22)","decl":{"start":{"line":114,"column":12},"end":{"line":114,"column":13}},"loc":{"start":{"line":114,"column":25},"end":{"line":116,"column":7}},"line":114},"23":{"name":"(anonymous_23)","decl":{"start":{"line":117,"column":13},"end":{"line":117,"column":14}},"loc":{"start":{"line":117,"column":25},"end":{"line":119,"column":7}},"line":117},"24":{"name":"(anonymous_24)","decl":{"start":{"line":122,"column":2},"end":{"line":122,"column":3}},"loc":{"start":{"line":122,"column":11},"end":{"line":199,"column":3}},"line":122},"25":{"name":"(anonymous_25)","decl":{"start":{"line":151,"column":24},"end":{"line":151,"column":25}},"loc":{"start":{"line":151,"column":30},"end":{"line":151,"column":73}},"line":151},"26":{"name":"(anonymous_26)","decl":{"start":{"line":155,"column":24},"end":{"line":155,"column":25}},"loc":{"start":{"line":156,"column":18},"end":{"line":159,"column":20}},"line":156},"27":{"name":"(anonymous_27)","decl":{"start":{"line":164,"column":24},"end":{"line":164,"column":25}},"loc":{"start":{"line":165,"column":18},"end":{"line":169,"column":20}},"line":165},"28":{"name":"(anonymous_28)","decl":{"start":{"line":174,"column":24},"end":{"line":174,"column":25}},"loc":{"start":{"line":174,"column":35},"end":{"line":187,"column":17}},"line":174},"29":{"name":"(anonymous_29)","decl":{"start":{"line":177,"column":20},"end":{"line":177,"column":21}},"loc":{"start":{"line":177,"column":31},"end":{"line":177,"column":46}},"line":177},"30":{"name":"(anonymous_30)","decl":{"start":{"line":191,"column":26},"end":{"line":191,"column":27}},"loc":{"start":{"line":191,"column":37},"end":{"line":191,"column":56}},"line":191}},"branchMap":{"0":{"loc":{"start":{"line":145,"column":11},"end":{"line":145,"column":75}},"type":"binary-expr","locations":[{"start":{"line":145,"column":11},"end":{"line":145,"column":21}},{"start":{"line":145,"column":25},"end":{"line":145,"column":75}}],"line":145},"1":{"loc":{"start":{"line":146,"column":11},"end":{"line":193,"column":11}},"type":"binary-expr","locations":[{"start":{"line":146,"column":11},"end":{"line":146,"column":20}},{"start":{"line":147,"column":12},"end":{"line":192,"column":15}}],"line":146}},"s":{"0":1,"1":1,"2":1,"3":0,"4":1,"5":1,"6":0,"7":0,"8":0,"9":1,"10":0,"11":0,"12":0,"13":0,"14":1,"15":0,"16":0,"17":0,"18":0,"19":0,"20":1,"21":0,"22":0,"23":0,"24":0,"25":1,"26":0,"27":0,"28":0,"29":0,"30":0,"31":1,"32":1,"33":0,"34":0,"35":0,"36":0,"37":0,"38":0,"39":0,"40":0},"f":{"0":1,"1":1,"2":1,"3":0,"4":0,"5":0,"6":0,"7":0,"8":0,"9":0,"10":0,"11":0,"12":0,"13":0,"14":0,"15":0,"16":0,"17":0,"18":0,"19":0,"20":0,"21":0,"22":0,"23":0,"24":1,"25":0,"26":0,"27":0,"28":0,"29":0,"30":0},"b":{"0":[1,1],"1":[1,0]},"_coverageSchema":"1a1c01bbd47fc00a2c39e90264f33305004495a9","hash":"e13e8a754e8261e7a16382ef0b20168215362d68"}
,"/Users/learnacademy/Desktop/reunion-app/app/javascript/components/MockParties.js": {"path":"/Users/learnacademy/Desktop/reunion-app/app/javascript/components/MockParties.js","statementMap":{"0":{"start":{"line":1,"column":16},"end":{"line":26,"column":1}}},"fnMap":{},"branchMap":{},"s":{"0":1},"f":{},"b":{},"_coverageSchema":"1a1c01bbd47fc00a2c39e90264f33305004495a9","hash":"a11ccbf7dc114a8880f60b9748eca61933ad0c90"}
,"/Users/learnacademy/Desktop/reunion-app/app/javascript/components/components/Footer.js": {"path":"/Users/learnacademy/Desktop/reunion-app/app/javascript/components/components/Footer.js","statementMap":{"0":{"start":{"line":5,"column":4},"end":{"line":9,"column":6}}},"fnMap":{"0":{"name":"(anonymous_0)","decl":{"start":{"line":4,"column":2},"end":{"line":4,"column":3}},"loc":{"start":{"line":4,"column":11},"end":{"line":10,"column":3}},"line":4}},"branchMap":{},"s":{"0":1},"f":{"0":1},"b":{},"_coverageSchema":"1a1c01bbd47fc00a2c39e90264f33305004495a9","hash":"fd0eb91c7a85ab71d17741b86eaf8005850ba072"}
,"/Users/learnacademy/Desktop/reunion-app/app/javascript/components/components/Header.js": {"path":"/Users/learnacademy/Desktop/reunion-app/app/javascript/components/components/Header.js","statementMap":{"0":{"start":{"line":23,"column":15},"end":{"line":95,"column":1}},"1":{"start":{"line":24,"column":33},"end":{"line":24,"column":43}},"2":{"start":{"line":25,"column":22},"end":{"line":27,"column":3}},"3":{"start":{"line":26,"column":4},"end":{"line":26,"column":35}},"4":{"start":{"line":29,"column":30},"end":{"line":29,"column":45}},"5":{"start":{"line":31,"column":17},"end":{"line":31,"column":41}},"6":{"start":{"line":31,"column":23},"end":{"line":31,"column":41}},"7":{"start":{"line":38,"column":6},"end":{"line":38,"column":11}},"8":{"start":{"line":40,"column":2},"end":{"line":94,"column":4}}},"fnMap":{"0":{"name":"(anonymous_0)","decl":{"start":{"line":23,"column":15},"end":{"line":23,"column":16}},"loc":{"start":{"line":23,"column":26},"end":{"line":95,"column":1}},"line":23},"1":{"name":"(anonymous_1)","decl":{"start":{"line":25,"column":22},"end":{"line":25,"column":23}},"loc":{"start":{"line":25,"column":31},"end":{"line":27,"column":3}},"line":25},"2":{"name":"(anonymous_2)","decl":{"start":{"line":31,"column":17},"end":{"line":31,"column":18}},"loc":{"start":{"line":31,"column":23},"end":{"line":31,"column":41}},"line":31}},"branchMap":{"0":{"loc":{"start":{"line":48,"column":14},"end":{"line":59,"column":17}},"type":"binary-expr","locations":[{"start":{"line":48,"column":14},"end":{"line":48,"column":24}},{"start":{"line":49,"column":14},"end":{"line":59,"column":17}}],"line":48},"1":{"loc":{"start":{"line":62,"column":14},"end":{"line":88,"column":17}},"type":"binary-expr","locations":[{"start":{"line":62,"column":14},"end":{"line":62,"column":23}},{"start":{"line":63,"column":14},"end":{"line":88,"column":17}}],"line":62}},"s":{"0":2,"1":2,"2":2,"3":0,"4":2,"5":2,"6":0,"7":2,"8":2},"f":{"0":2,"1":0,"2":0},"b":{"0":[2,2],"1":[2,0]},"_coverageSchema":"1a1c01bbd47fc00a2c39e90264f33305004495a9","hash":"4cce4715ec0045597d9720753b1c0d1077974dc1"}
,"/Users/learnacademy/Desktop/reunion-app/app/javascript/components/pages/AboutUs.js": {"path":"/Users/learnacademy/Desktop/reunion-app/app/javascript/components/pages/AboutUs.js","statementMap":{"0":{"start":{"line":5,"column":4},"end":{"line":9,"column":6}}},"fnMap":{"0":{"name":"(anonymous_0)","decl":{"start":{"line":4,"column":2},"end":{"line":4,"column":3}},"loc":{"start":{"line":4,"column":11},"end":{"line":10,"column":3}},"line":4}},"branchMap":{},"s":{"0":3},"f":{"0":3},"b":{},"_coverageSchema":"1a1c01bbd47fc00a2c39e90264f33305004495a9","hash":"ee1c91afddb5cd778c51c9555aec8465d0fc9564"}
,"/Users/learnacademy/Desktop/reunion-app/app/javascript/components/pages/EventEdit.js": {"path":"/Users/learnacademy/Desktop/reunion-app/app/javascript/components/pages/EventEdit.js","statementMap":{"0":{"start":{"line":5,"column":4},"end":{"line":9,"column":6}}},"fnMap":{"0":{"name":"(anonymous_0)","decl":{"start":{"line":4,"column":2},"end":{"line":4,"column":3}},"loc":{"start":{"line":4,"column":11},"end":{"line":10,"column":3}},"line":4}},"branchMap":{},"s":{"0":1},"f":{"0":1},"b":{},"_coverageSchema":"1a1c01bbd47fc00a2c39e90264f33305004495a9","hash":"bafc8436d7a9108ecb3eaaac41000a33929ed0c7"}
,"/Users/learnacademy/Desktop/reunion-app/app/javascript/components/pages/EventIndex.js": {"path":"/Users/learnacademy/Desktop/reunion-app/app/javascript/components/pages/EventIndex.js","statementMap":{"0":{"start":{"line":7,"column":4},"end":{"line":26,"column":6}},"1":{"start":{"line":12,"column":12},"end":{"line":22,"column":14}}},"fnMap":{"0":{"name":"(anonymous_0)","decl":{"start":{"line":6,"column":2},"end":{"line":6,"column":3}},"loc":{"start":{"line":6,"column":11},"end":{"line":27,"column":3}},"line":6},"1":{"name":"(anonymous_1)","decl":{"start":{"line":11,"column":34},"end":{"line":11,"column":35}},"loc":{"start":{"line":11,"column":45},"end":{"line":23,"column":11}},"line":11}},"branchMap":{},"s":{"0":1,"1":3},"f":{"0":1,"1":3},"b":{},"_coverageSchema":"1a1c01bbd47fc00a2c39e90264f33305004495a9","hash":"1ad4ccd054c33750b3822ffa9845d071da2f0ae9"}
,"/Users/learnacademy/Desktop/reunion-app/app/javascript/components/pages/EventNew.js": {"path":"/Users/learnacademy/Desktop/reunion-app/app/javascript/components/pages/EventNew.js","statementMap":{"0":{"start":{"line":7,"column":4},"end":{"line":7,"column":17}},"1":{"start":{"line":8,"column":4},"end":{"line":17,"column":6}},"2":{"start":{"line":19,"column":17},"end":{"line":23,"column":3}},"3":{"start":{"line":20,"column":19},"end":{"line":20,"column":29}},"4":{"start":{"line":21,"column":4},"end":{"line":21,"column":41}},"5":{"start":{"line":22,"column":4},"end":{"line":22,"column":34}},"6":{"start":{"line":25,"column":17},"end":{"line":28,"column":3}},"7":{"start":{"line":26,"column":4},"end":{"line":26,"column":47}},"8":{"start":{"line":27,"column":4},"end":{"line":27,"column":39}},"9":{"start":{"line":31,"column":32},"end":{"line":31,"column":42}},"10":{"start":{"line":32,"column":4},"end":{"line":86,"column":6}}},"fnMap":{"0":{"name":"(anonymous_0)","decl":{"start":{"line":6,"column":2},"end":{"line":6,"column":3}},"loc":{"start":{"line":6,"column":21},"end":{"line":18,"column":3}},"line":6},"1":{"name":"(anonymous_1)","decl":{"start":{"line":19,"column":17},"end":{"line":19,"column":18}},"loc":{"start":{"line":19,"column":24},"end":{"line":23,"column":3}},"line":19},"2":{"name":"(anonymous_2)","decl":{"start":{"line":25,"column":17},"end":{"line":25,"column":18}},"loc":{"start":{"line":25,"column":23},"end":{"line":28,"column":3}},"line":25},"3":{"name":"(anonymous_3)","decl":{"start":{"line":30,"column":2},"end":{"line":30,"column":3}},"loc":{"start":{"line":30,"column":11},"end":{"line":87,"column":3}},"line":30}},"branchMap":{"0":{"loc":{"start":{"line":84,"column":9},"end":{"line":84,"column":59}},"type":"binary-expr","locations":[{"start":{"line":84,"column":9},"end":{"line":84,"column":29}},{"start":{"line":84,"column":33},"end":{"line":84,"column":59}}],"line":84}},"s":{"0":1,"1":1,"2":1,"3":0,"4":0,"5":0,"6":1,"7":0,"8":0,"9":1,"10":1},"f":{"0":1,"1":0,"2":0,"3":1},"b":{"0":[1,0]},"_coverageSchema":"1a1c01bbd47fc00a2c39e90264f33305004495a9","hash":"1c1f60cd7b17e65b191e4096f0233604c561ab0e"}
,"/Users/learnacademy/Desktop/reunion-app/app/javascript/components/pages/EventShow.js": {"path":"/Users/learnacademy/Desktop/reunion-app/app/javascript/components/pages/EventShow.js","statementMap":{"0":{"start":{"line":5,"column":4},"end":{"line":5,"column":16}},"1":{"start":{"line":6,"column":4},"end":{"line":9,"column":5}},"2":{"start":{"line":13,"column":2},"end":{"line":13,"column":18}},"3":{"start":{"line":16,"column":14},"end":{"line":29,"column":3}},"4":{"start":{"line":17,"column":4},"end":{"line":28,"column":9}},"5":{"start":{"line":19,"column":8},"end":{"line":21,"column":9}},"6":{"start":{"line":20,"column":10},"end":{"line":20,"column":33}},"7":{"start":{"line":24,"column":8},"end":{"line":24,"column":59}},"8":{"start":{"line":27,"column":8},"end":{"line":27,"column":44}},"9":{"start":{"line":44,"column":8},"end":{"line":44,"column":24}},"10":{"start":{"line":46,"column":4},"end":{"line":48,"column":5}},"11":{"start":{"line":47,"column":6},"end":{"line":47,"column":17}},"12":{"start":{"line":50,"column":26},"end":{"line":52,"column":6}},"13":{"start":{"line":51,"column":6},"end":{"line":51,"column":34}},"14":{"start":{"line":54,"column":4},"end":{"line":71,"column":6}},"15":{"start":{"line":65,"column":14},"end":{"line":65,"column":156}}},"fnMap":{"0":{"name":"(anonymous_0)","decl":{"start":{"line":4,"column":2},"end":{"line":4,"column":3}},"loc":{"start":{"line":4,"column":20},"end":{"line":10,"column":3}},"line":4},"1":{"name":"(anonymous_1)","decl":{"start":{"line":12,"column":0},"end":{"line":12,"column":1}},"loc":{"start":{"line":12,"column":19},"end":{"line":14,"column":1}},"line":12},"2":{"name":"(anonymous_2)","decl":{"start":{"line":16,"column":14},"end":{"line":16,"column":15}},"loc":{"start":{"line":16,"column":25},"end":{"line":29,"column":3}},"line":16},"3":{"name":"(anonymous_3)","decl":{"start":{"line":18,"column":12},"end":{"line":18,"column":13}},"loc":{"start":{"line":18,"column":26},"end":{"line":22,"column":7}},"line":18},"4":{"name":"(anonymous_4)","decl":{"start":{"line":23,"column":12},"end":{"line":23,"column":13}},"loc":{"start":{"line":23,"column":29},"end":{"line":25,"column":7}},"line":23},"5":{"name":"(anonymous_5)","decl":{"start":{"line":26,"column":13},"end":{"line":26,"column":14}},"loc":{"start":{"line":26,"column":25},"end":{"line":28,"column":7}},"line":26},"6":{"name":"(anonymous_6)","decl":{"start":{"line":37,"column":2},"end":{"line":37,"column":3}},"loc":{"start":{"line":37,"column":11},"end":{"line":72,"column":3}},"line":37},"7":{"name":"(anonymous_7)","decl":{"start":{"line":50,"column":56},"end":{"line":50,"column":57}},"loc":{"start":{"line":50,"column":66},"end":{"line":52,"column":5}},"line":50},"8":{"name":"(anonymous_8)","decl":{"start":{"line":64,"column":52},"end":{"line":64,"column":53}},"loc":{"start":{"line":64,"column":60},"end":{"line":66,"column":13}},"line":64}},"branchMap":{"0":{"loc":{"start":{"line":19,"column":8},"end":{"line":21,"column":9}},"type":"if","locations":[{"start":{"line":19,"column":8},"end":{"line":21,"column":9}},{"start":{"line":19,"column":8},"end":{"line":21,"column":9}}],"line":19},"1":{"loc":{"start":{"line":46,"column":4},"end":{"line":48,"column":5}},"type":"if","locations":[{"start":{"line":46,"column":4},"end":{"line":48,"column":5}},{"start":{"line":46,"column":4},"end":{"line":48,"column":5}}],"line":46},"2":{"loc":{"start":{"line":63,"column":11},"end":{"line":63,"column":49}},"type":"binary-expr","locations":[{"start":{"line":63,"column":11},"end":{"line":63,"column":29}},{"start":{"line":63,"column":33},"end":{"line":63,"column":49}}],"line":63},"3":{"loc":{"start":{"line":64,"column":11},"end":{"line":66,"column":14}},"type":"binary-expr","locations":[{"start":{"line":64,"column":11},"end":{"line":64,"column":30}},{"start":{"line":64,"column":34},"end":{"line":66,"column":14}}],"line":64}},"s":{"0":0,"1":0,"2":0,"3":0,"4":0,"5":0,"6":0,"7":0,"8":0,"9":0,"10":0,"11":0,"12":0,"13":0,"14":0,"15":0},"f":{"0":0,"1":0,"2":0,"3":0,"4":0,"5":0,"6":0,"7":0,"8":0},"b":{"0":[0,0],"1":[0,0],"2":[0,0],"3":[0,0]},"_coverageSchema":"1a1c01bbd47fc00a2c39e90264f33305004495a9","hash":"6e49589752de300dd06d0eb5f83b73dadf72685e"}
,"/Users/learnacademy/Desktop/reunion-app/app/javascript/components/pages/ItemConfirmation.js": {"path":"/Users/learnacademy/Desktop/reunion-app/app/javascript/components/pages/ItemConfirmation.js","statementMap":{"0":{"start":{"line":5,"column":4},"end":{"line":9,"column":6}}},"fnMap":{"0":{"name":"(anonymous_0)","decl":{"start":{"line":4,"column":2},"end":{"line":4,"column":3}},"loc":{"start":{"line":4,"column":11},"end":{"line":10,"column":3}},"line":4}},"branchMap":{},"s":{"0":1},"f":{"0":1},"b":{},"_coverageSchema":"1a1c01bbd47fc00a2c39e90264f33305004495a9","hash":"271bfd3d425868de79158d7b38ad3917a8f16a43"}
,"/Users/learnacademy/Desktop/reunion-app/app/javascript/components/pages/ItemNew.js": {"path":"/Users/learnacademy/Desktop/reunion-app/app/javascript/components/pages/ItemNew.js","statementMap":{"0":{"start":{"line":15,"column":4},"end":{"line":15,"column":17}},"1":{"start":{"line":16,"column":4},"end":{"line":24,"column":6}},"2":{"start":{"line":27,"column":36},"end":{"line":34,"column":3}},"3":{"start":{"line":28,"column":4},"end":{"line":33,"column":15}},"4":{"start":{"line":36,"column":17},"end":{"line":40,"column":3}},"5":{"start":{"line":37,"column":19},"end":{"line":37,"column":29}},"6":{"start":{"line":38,"column":4},"end":{"line":38,"column":41}},"7":{"start":{"line":39,"column":4},"end":{"line":39,"column":34}},"8":{"start":{"line":42,"column":17},"end":{"line":45,"column":3}},"9":{"start":{"line":43,"column":4},"end":{"line":43,"column":46}},"10":{"start":{"line":44,"column":4},"end":{"line":44,"column":39}},"11":{"start":{"line":48,"column":32},"end":{"line":48,"column":42}},"12":{"start":{"line":49,"column":32},"end":{"line":49,"column":42}},"13":{"start":{"line":51,"column":4},"end":{"line":57,"column":5}},"14":{"start":{"line":52,"column":6},"end":{"line":52,"column":28}},"15":{"start":{"line":54,"column":6},"end":{"line":56,"column":9}},"16":{"start":{"line":55,"column":8},"end":{"line":55,"column":53}},"17":{"start":{"line":58,"column":4},"end":{"line":103,"column":6}},"18":{"start":{"line":91,"column":14},"end":{"line":95,"column":16}}},"fnMap":{"0":{"name":"(anonymous_0)","decl":{"start":{"line":14,"column":2},"end":{"line":14,"column":3}},"loc":{"start":{"line":14,"column":21},"end":{"line":25,"column":3}},"line":14},"1":{"name":"(anonymous_1)","decl":{"start":{"line":27,"column":36},"end":{"line":27,"column":37}},"loc":{"start":{"line":27,"column":54},"end":{"line":34,"column":3}},"line":27},"2":{"name":"(anonymous_2)","decl":{"start":{"line":36,"column":17},"end":{"line":36,"column":18}},"loc":{"start":{"line":36,"column":24},"end":{"line":40,"column":3}},"line":36},"3":{"name":"(anonymous_3)","decl":{"start":{"line":42,"column":17},"end":{"line":42,"column":18}},"loc":{"start":{"line":42,"column":23},"end":{"line":45,"column":3}},"line":42},"4":{"name":"(anonymous_4)","decl":{"start":{"line":47,"column":2},"end":{"line":47,"column":3}},"loc":{"start":{"line":47,"column":11},"end":{"line":104,"column":3}},"line":47},"5":{"name":"(anonymous_5)","decl":{"start":{"line":54,"column":35},"end":{"line":54,"column":36}},"loc":{"start":{"line":54,"column":45},"end":{"line":56,"column":7}},"line":54},"6":{"name":"(anonymous_6)","decl":{"start":{"line":90,"column":30},"end":{"line":90,"column":31}},"loc":{"start":{"line":90,"column":40},"end":{"line":96,"column":13}},"line":90}},"branchMap":{"0":{"loc":{"start":{"line":51,"column":4},"end":{"line":57,"column":5}},"type":"if","locations":[{"start":{"line":51,"column":4},"end":{"line":57,"column":5}},{"start":{"line":51,"column":4},"end":{"line":57,"column":5}}],"line":51},"1":{"loc":{"start":{"line":89,"column":11},"end":{"line":99,"column":11}},"type":"cond-expr","locations":[{"start":{"line":90,"column":12},"end":{"line":96,"column":14}},{"start":{"line":98,"column":12},"end":{"line":98,"column":59}}],"line":89}},"s":{"0":1,"1":1,"2":2,"3":1,"4":1,"5":0,"6":0,"7":0,"8":1,"9":0,"10":0,"11":1,"12":1,"13":1,"14":0,"15":0,"16":0,"17":0,"18":0},"f":{"0":1,"1":1,"2":0,"3":0,"4":1,"5":0,"6":0},"b":{"0":[0,0],"1":[0,0]},"_coverageSchema":"1a1c01bbd47fc00a2c39e90264f33305004495a9","hash":"2a789b57468c8ea3a767245fb266bf3282f481df"}
,"/Users/learnacademy/Desktop/reunion-app/app/javascript/components/pages/LoggedInHome.js": {"path":"/Users/learnacademy/Desktop/reunion-app/app/javascript/components/pages/LoggedInHome.js","statementMap":{"0":{"start":{"line":5,"column":4},"end":{"line":9,"column":6}}},"fnMap":{"0":{"name":"(anonymous_0)","decl":{"start":{"line":4,"column":2},"end":{"line":4,"column":3}},"loc":{"start":{"line":4,"column":11},"end":{"line":10,"column":3}},"line":4}},"branchMap":{},"s":{"0":1},"f":{"0":1},"b":{},"_coverageSchema":"1a1c01bbd47fc00a2c39e90264f33305004495a9","hash":"292017fd031d4013b67d464df718e5d74ab9e2f9"}
,"/Users/learnacademy/Desktop/reunion-app/app/javascript/components/pages/LoggedOutHome.js": {"path":"/Users/learnacademy/Desktop/reunion-app/app/javascript/components/pages/LoggedOutHome.js","statementMap":{"0":{"start":{"line":5,"column":4},"end":{"line":9,"column":6}}},"fnMap":{"0":{"name":"(anonymous_0)","decl":{"start":{"line":4,"column":2},"end":{"line":4,"column":3}},"loc":{"start":{"line":4,"column":11},"end":{"line":10,"column":3}},"line":4}},"branchMap":{},"s":{"0":0},"f":{"0":0},"b":{},"_coverageSchema":"1a1c01bbd47fc00a2c39e90264f33305004495a9","hash":"1f90879c81298ea96acb193a651c43bf00dcc03b"}
,"/Users/learnacademy/Desktop/reunion-app/app/javascript/components/pages/NotFound.js": {"path":"/Users/learnacademy/Desktop/reunion-app/app/javascript/components/pages/NotFound.js","statementMap":{"0":{"start":{"line":5,"column":4},"end":{"line":9,"column":6}}},"fnMap":{"0":{"name":"(anonymous_0)","decl":{"start":{"line":4,"column":2},"end":{"line":4,"column":3}},"loc":{"start":{"line":4,"column":11},"end":{"line":10,"column":3}},"line":4}},"branchMap":{},"s":{"0":1},"f":{"0":1},"b":{},"_coverageSchema":"1a1c01bbd47fc00a2c39e90264f33305004495a9","hash":"6e0cce1fc9aa387c4a773bd0fffeee3913643f11"}
}
