TN:
SF:app/javascript/components/App.js
FN:20,(anonymous_0)
FN:29,(anonymous_1)
FN:34,(anonymous_2)
FN:36,(anonymous_3)
FN:39,(anonymous_4)
FN:42,(anonymous_5)
FN:47,(anonymous_6)
FN:49,(anonymous_7)
FN:52,(anonymous_8)
FN:55,(anonymous_9)
FN:60,(anonymous_10)
FN:68,(anonymous_11)
FN:71,(anonymous_12)
FN:74,(anonymous_13)
FN:77,(anonymous_14)
FN:82,(anonymous_15)
FN:89,(anonymous_16)
FN:92,(anonymous_17)
FN:95,(anonymous_18)
FN:100,(anonymous_19)
FN:108,(anonymous_20)
FN:111,(anonymous_21)
FN:114,(anonymous_22)
FN:117,(anonymous_23)
FN:122,(anonymous_24)
FN:151,(anonymous_25)
FN:155,(anonymous_26)
FN:164,(anonymous_27)
FN:174,(anonymous_28)
FN:177,(anonymous_29)
FN:191,(anonymous_30)
FNF:31
FNH:4
FNDA:1,(anonymous_0)
FNDA:1,(anonymous_1)
FNDA:1,(anonymous_2)
FNDA:0,(anonymous_3)
FNDA:0,(anonymous_4)
FNDA:0,(anonymous_5)
FNDA:0,(anonymous_6)
FNDA:0,(anonymous_7)
FNDA:0,(anonymous_8)
FNDA:0,(anonymous_9)
FNDA:0,(anonymous_10)
FNDA:0,(anonymous_11)
FNDA:0,(anonymous_12)
FNDA:0,(anonymous_13)
FNDA:0,(anonymous_14)
FNDA:0,(anonymous_15)
FNDA:0,(anonymous_16)
FNDA:0,(anonymous_17)
FNDA:0,(anonymous_18)
FNDA:0,(anonymous_19)
FNDA:0,(anonymous_20)
FNDA:0,(anonymous_21)
FNDA:0,(anonymous_22)
FNDA:0,(anonymous_23)
FNDA:1,(anonymous_24)
FNDA:0,(anonymous_25)
FNDA:0,(anonymous_26)
FNDA:0,(anonymous_27)
FNDA:0,(anonymous_28)
FNDA:0,(anonymous_29)
FNDA:0,(anonymous_30)
DA:21,1
DA:22,1
DA:30,1
DA:31,0
DA:34,1
DA:35,1
DA:37,0
DA:40,0
DA:43,0
DA:47,1
DA:48,0
DA:50,0
DA:53,0
DA:56,0
DA:60,1
DA:61,0
DA:69,0
DA:72,0
DA:75,0
DA:78,0
DA:82,1
DA:83,0
DA:90,0
DA:93,0
DA:96,0
DA:100,1
DA:101,0
DA:109,0
DA:112,0
DA:115,0
DA:118,0
DA:129,1
DA:134,1
DA:151,0
DA:156,0
DA:165,0
DA:175,0
DA:176,0
DA:177,0
DA:180,0
DA:191,0
LF:41
LH:11
BRDA:145,0,0,1
BRDA:145,0,1,1
BRDA:146,1,0,1
BRDA:146,1,1,0
BRF:4
BRH:3
end_of_record
TN:
SF:app/javascript/components/MockParties.js
FNF:0
FNH:0
DA:1,1
LF:1
LH:1
BRF:0
BRH:0
end_of_record
TN:
SF:app/javascript/components/components/Footer.js
FN:4,(anonymous_0)
FNF:1
FNH:1
FNDA:1,(anonymous_0)
DA:5,1
LF:1
LH:1
BRF:0
BRH:0
end_of_record
TN:
SF:app/javascript/components/components/Header.js
FN:23,(anonymous_0)
FN:25,(anonymous_1)
FN:31,(anonymous_2)
FNF:3
FNH:1
FNDA:2,(anonymous_0)
FNDA:0,(anonymous_1)
FNDA:0,(anonymous_2)
DA:23,2
DA:24,2
DA:25,2
DA:26,0
DA:29,2
DA:31,2
DA:38,2
DA:40,2
LF:8
LH:7
BRDA:48,0,0,2
BRDA:48,0,1,2
BRDA:62,1,0,2
BRDA:62,1,1,0
BRF:4
BRH:3
end_of_record
TN:
SF:app/javascript/components/pages/AboutUs.js
FN:4,(anonymous_0)
FNF:1
FNH:1
FNDA:3,(anonymous_0)
DA:5,3
LF:1
LH:1
BRF:0
BRH:0
end_of_record
TN:
SF:app/javascript/components/pages/EventEdit.js
FN:4,(anonymous_0)
FNF:1
FNH:1
FNDA:1,(anonymous_0)
DA:5,1
LF:1
LH:1
BRF:0
BRH:0
end_of_record
TN:
SF:app/javascript/components/pages/EventIndex.js
FN:6,(anonymous_0)
FN:11,(anonymous_1)
FNF:2
FNH:2
FNDA:1,(anonymous_0)
FNDA:3,(anonymous_1)
DA:7,1
DA:12,3
LF:2
LH:2
BRF:0
BRH:0
end_of_record
TN:
SF:app/javascript/components/pages/EventNew.js
FN:6,(anonymous_0)
FN:19,(anonymous_1)
FN:25,(anonymous_2)
FN:30,(anonymous_3)
FNF:4
FNH:2
FNDA:1,(anonymous_0)
FNDA:0,(anonymous_1)
FNDA:0,(anonymous_2)
FNDA:1,(anonymous_3)
DA:7,1
DA:8,1
DA:19,1
DA:20,0
DA:21,0
DA:22,0
DA:25,1
DA:26,0
DA:27,0
DA:31,1
DA:32,1
LF:11
LH:6
BRDA:84,0,0,1
BRDA:84,0,1,0
BRF:2
BRH:1
end_of_record
TN:
SF:app/javascript/components/pages/EventShow.js
FN:4,(anonymous_0)
FN:12,(anonymous_1)
FN:16,(anonymous_2)
FN:18,(anonymous_3)
FN:23,(anonymous_4)
FN:26,(anonymous_5)
FN:37,(anonymous_6)
FN:50,(anonymous_7)
FN:64,(anonymous_8)
FNF:9
FNH:0
FNDA:0,(anonymous_0)
FNDA:0,(anonymous_1)
FNDA:0,(anonymous_2)
FNDA:0,(anonymous_3)
FNDA:0,(anonymous_4)
FNDA:0,(anonymous_5)
FNDA:0,(anonymous_6)
FNDA:0,(anonymous_7)
FNDA:0,(anonymous_8)
DA:5,0
DA:6,0
DA:13,0
DA:16,0
DA:17,0
DA:19,0
DA:20,0
DA:24,0
DA:27,0
DA:44,0
DA:46,0
DA:47,0
DA:50,0
DA:51,0
DA:54,0
DA:65,0
LF:16
LH:0
BRDA:19,0,0,0
BRDA:19,0,1,0
BRDA:46,1,0,0
BRDA:46,1,1,0
BRDA:63,2,0,0
BRDA:63,2,1,0
BRDA:64,3,0,0
BRDA:64,3,1,0
BRF:8
BRH:0
end_of_record
TN:
SF:app/javascript/components/pages/ItemConfirmation.js
FN:4,(anonymous_0)
FNF:1
FNH:1
FNDA:1,(anonymous_0)
DA:5,1
LF:1
LH:1
BRF:0
BRH:0
end_of_record
TN:
SF:app/javascript/components/pages/ItemNew.js
FN:14,(anonymous_0)
FN:27,(anonymous_1)
FN:36,(anonymous_2)
FN:42,(anonymous_3)
FN:47,(anonymous_4)
FN:54,(anonymous_5)
FN:90,(anonymous_6)
FNF:7
FNH:3
FNDA:1,(anonymous_0)
FNDA:1,(anonymous_1)
FNDA:0,(anonymous_2)
FNDA:0,(anonymous_3)
FNDA:1,(anonymous_4)
FNDA:0,(anonymous_5)
FNDA:0,(anonymous_6)
DA:15,1
DA:16,1
DA:27,2
DA:28,1
DA:36,1
DA:37,0
DA:38,0
DA:39,0
DA:42,1
DA:43,0
DA:44,0
DA:48,1
DA:49,1
DA:51,1
DA:52,0
DA:54,0
DA:55,0
DA:58,0
DA:91,0
LF:19
LH:9
BRDA:51,0,0,0
BRDA:51,0,1,0
BRDA:89,1,0,0
BRDA:89,1,1,0
BRF:4
BRH:0
end_of_record
TN:
SF:app/javascript/components/pages/LoggedInHome.js
FN:4,(anonymous_0)
FNF:1
FNH:1
FNDA:1,(anonymous_0)
DA:5,1
LF:1
LH:1
BRF:0
BRH:0
end_of_record
TN:
SF:app/javascript/components/pages/LoggedOutHome.js
FN:4,(anonymous_0)
FNF:1
FNH:0
FNDA:0,(anonymous_0)
DA:5,0
LF:1
LH:0
BRF:0
BRH:0
end_of_record
TN:
SF:app/javascript/components/pages/NotFound.js
FN:4,(anonymous_0)
FNF:1
FNH:1
FNDA:1,(anonymous_0)
DA:5,1
LF:1
LH:1
BRF:0
BRH:0
end_of_record
